==========================================
SLURM_CLUSTER_NAME = paramprabha
SLURM_JOB_ACCOUNT = cdac
SLURM_JOB_ID = 238550
SLURM_JOB_NAME = av_train
SLURM_JOB_NODELIST = rpgpu013
SLURM_JOB_USER = omjadhav
SLURM_JOB_UID = 52009
SLURM_JOB_PARTITION = gpu
SLURM_TASK_PID = 3026582
SLURM_SUBMIT_DIR = /home/omjadhav/ankush/medical_project/Multiclass-Segmentation-in-PyTorch
SLURM_CPUS_ON_NODE = 20
SLURM_NTASKS = 1
SLURM_TASK_PID = 3026582
==========================================
Found images: 100
Found masks : 100
Dataset Size: Train: 60 - Valid: 20 - Test: 20
Device: cuda
GPU device name: NVIDIA A100 80GB PCIe
No checkpoint found, starting from scratch.
[01/1000] | Epoch Time: 0m 19s - Train Loss: 1.6372 - Val. Loss: 1.3233
Checkpoint saved at epoch 1
[02/1000] | Epoch Time: 0m 2s - Train Loss: 1.0377 - Val. Loss: 1.2488
Checkpoint saved at epoch 2
[03/1000] | Epoch Time: 0m 2s - Train Loss: 0.9440 - Val. Loss: 1.0037
Checkpoint saved at epoch 3
[04/1000] | Epoch Time: 0m 2s - Train Loss: 0.8898 - Val. Loss: 0.9548
Checkpoint saved at epoch 4
[05/1000] | Epoch Time: 0m 2s - Train Loss: 0.8644 - Val. Loss: 0.9001
Checkpoint saved at epoch 5
[06/1000] | Epoch Time: 0m 2s - Train Loss: 0.8494 - Val. Loss: 0.9246
EarlyStopping counter: 1 of 100
[07/1000] | Epoch Time: 0m 2s - Train Loss: 0.8331 - Val. Loss: 0.8871
Checkpoint saved at epoch 7
[08/1000] | Epoch Time: 0m 2s - Train Loss: 0.8171 - Val. Loss: 0.8634
Checkpoint saved at epoch 8
[09/1000] | Epoch Time: 0m 2s - Train Loss: 0.8049 - Val. Loss: 0.8261
Checkpoint saved at epoch 9
[10/1000] | Epoch Time: 0m 2s - Train Loss: 0.7974 - Val. Loss: 0.8314
EarlyStopping counter: 1 of 100
[11/1000] | Epoch Time: 0m 2s - Train Loss: 0.7852 - Val. Loss: 0.8502
EarlyStopping counter: 2 of 100
[12/1000] | Epoch Time: 0m 2s - Train Loss: 0.7746 - Val. Loss: 0.8196
Checkpoint saved at epoch 12
[13/1000] | Epoch Time: 0m 2s - Train Loss: 0.7673 - Val. Loss: 0.8211
EarlyStopping counter: 1 of 100
[14/1000] | Epoch Time: 0m 2s - Train Loss: 0.7582 - Val. Loss: 0.7902
Checkpoint saved at epoch 14
[15/1000] | Epoch Time: 0m 2s - Train Loss: 0.7469 - Val. Loss: 0.7874
Checkpoint saved at epoch 15
[16/1000] | Epoch Time: 0m 2s - Train Loss: 0.7448 - Val. Loss: 0.7848
Checkpoint saved at epoch 16
[17/1000] | Epoch Time: 0m 2s - Train Loss: 0.7340 - Val. Loss: 0.7888
EarlyStopping counter: 1 of 100
[18/1000] | Epoch Time: 0m 2s - Train Loss: 0.7322 - Val. Loss: 0.7805
Checkpoint saved at epoch 18
[19/1000] | Epoch Time: 0m 2s - Train Loss: 0.7269 - Val. Loss: 0.7913
EarlyStopping counter: 1 of 100
[20/1000] | Epoch Time: 0m 2s - Train Loss: 0.7199 - Val. Loss: 0.7670
Checkpoint saved at epoch 20
[21/1000] | Epoch Time: 0m 2s - Train Loss: 0.7172 - Val. Loss: 0.8385
EarlyStopping counter: 1 of 100
[22/1000] | Epoch Time: 0m 2s - Train Loss: 0.7128 - Val. Loss: 0.7736
EarlyStopping counter: 2 of 100
[23/1000] | Epoch Time: 0m 2s - Train Loss: 0.7038 - Val. Loss: 0.7313
Checkpoint saved at epoch 23
[24/1000] | Epoch Time: 0m 2s - Train Loss: 0.6913 - Val. Loss: 0.7465
EarlyStopping counter: 1 of 100
[25/1000] | Epoch Time: 0m 2s - Train Loss: 0.6891 - Val. Loss: 0.7505
EarlyStopping counter: 2 of 100
[26/1000] | Epoch Time: 0m 2s - Train Loss: 0.6811 - Val. Loss: 0.7348
EarlyStopping counter: 3 of 100
[27/1000] | Epoch Time: 0m 2s - Train Loss: 0.6778 - Val. Loss: 0.8134
EarlyStopping counter: 4 of 100
[28/1000] | Epoch Time: 0m 2s - Train Loss: 0.6692 - Val. Loss: 0.7202
Checkpoint saved at epoch 28
[29/1000] | Epoch Time: 0m 2s - Train Loss: 0.6571 - Val. Loss: 0.7233
EarlyStopping counter: 1 of 100
[30/1000] | Epoch Time: 0m 2s - Train Loss: 0.6545 - Val. Loss: 0.7048
Checkpoint saved at epoch 30
[31/1000] | Epoch Time: 0m 2s - Train Loss: 0.6519 - Val. Loss: 0.7308
EarlyStopping counter: 1 of 100
[32/1000] | Epoch Time: 0m 3s - Train Loss: 0.6433 - Val. Loss: 0.7082
EarlyStopping counter: 2 of 100
[33/1000] | Epoch Time: 0m 2s - Train Loss: 0.6354 - Val. Loss: 0.7268
EarlyStopping counter: 3 of 100
[34/1000] | Epoch Time: 0m 2s - Train Loss: 0.6286 - Val. Loss: 0.7667
EarlyStopping counter: 4 of 100
[35/1000] | Epoch Time: 0m 2s - Train Loss: 0.6331 - Val. Loss: 0.7098
EarlyStopping counter: 5 of 100
[36/1000] | Epoch Time: 0m 2s - Train Loss: 0.6268 - Val. Loss: 0.7115
EarlyStopping counter: 6 of 100
[37/1000] | Epoch Time: 0m 2s - Train Loss: 0.6154 - Val. Loss: 0.6269
Checkpoint saved at epoch 37
[38/1000] | Epoch Time: 0m 2s - Train Loss: 0.6049 - Val. Loss: 0.6195
Checkpoint saved at epoch 38
[39/1000] | Epoch Time: 0m 2s - Train Loss: 0.6019 - Val. Loss: 0.6171
Checkpoint saved at epoch 39
[40/1000] | Epoch Time: 0m 2s - Train Loss: 0.5972 - Val. Loss: 0.6098
Checkpoint saved at epoch 40
[41/1000] | Epoch Time: 0m 2s - Train Loss: 0.5941 - Val. Loss: 0.6120
EarlyStopping counter: 1 of 100
[42/1000] | Epoch Time: 0m 2s - Train Loss: 0.5943 - Val. Loss: 0.6111
EarlyStopping counter: 2 of 100
[43/1000] | Epoch Time: 0m 2s - Train Loss: 0.5896 - Val. Loss: 0.6071
Checkpoint saved at epoch 43
[44/1000] | Epoch Time: 0m 2s - Train Loss: 0.5932 - Val. Loss: 0.6104
EarlyStopping counter: 1 of 100
[45/1000] | Epoch Time: 0m 2s - Train Loss: 0.5881 - Val. Loss: 0.6094
EarlyStopping counter: 2 of 100
[46/1000] | Epoch Time: 0m 3s - Train Loss: 0.5880 - Val. Loss: 0.6064
Checkpoint saved at epoch 46
[47/1000] | Epoch Time: 0m 2s - Train Loss: 0.5842 - Val. Loss: 0.6032
Checkpoint saved at epoch 47
[48/1000] | Epoch Time: 0m 2s - Train Loss: 0.5855 - Val. Loss: 0.6065
EarlyStopping counter: 1 of 100
[49/1000] | Epoch Time: 0m 2s - Train Loss: 0.5822 - Val. Loss: 0.6054
EarlyStopping counter: 2 of 100
[50/1000] | Epoch Time: 0m 2s - Train Loss: 0.5834 - Val. Loss: 0.6041
EarlyStopping counter: 3 of 100
[51/1000] | Epoch Time: 0m 2s - Train Loss: 0.5840 - Val. Loss: 0.6029
Checkpoint saved at epoch 51
[52/1000] | Epoch Time: 0m 2s - Train Loss: 0.5848 - Val. Loss: 0.6006
Checkpoint saved at epoch 52
[53/1000] | Epoch Time: 0m 2s - Train Loss: 0.5796 - Val. Loss: 0.6060
EarlyStopping counter: 1 of 100
[54/1000] | Epoch Time: 0m 2s - Train Loss: 0.5828 - Val. Loss: 0.6010
EarlyStopping counter: 2 of 100
[55/1000] | Epoch Time: 0m 2s - Train Loss: 0.5780 - Val. Loss: 0.6004
Checkpoint saved at epoch 55
[56/1000] | Epoch Time: 0m 2s - Train Loss: 0.5772 - Val. Loss: 0.6073
EarlyStopping counter: 1 of 100
[57/1000] | Epoch Time: 0m 2s - Train Loss: 0.5729 - Val. Loss: 0.6026
EarlyStopping counter: 2 of 100
[58/1000] | Epoch Time: 0m 2s - Train Loss: 0.5750 - Val. Loss: 0.5995
Checkpoint saved at epoch 58
[59/1000] | Epoch Time: 0m 2s - Train Loss: 0.5711 - Val. Loss: 0.6058
EarlyStopping counter: 1 of 100
[60/1000] | Epoch Time: 0m 2s - Train Loss: 0.5741 - Val. Loss: 0.5985
Checkpoint saved at epoch 60
[61/1000] | Epoch Time: 0m 2s - Train Loss: 0.5712 - Val. Loss: 0.6013
EarlyStopping counter: 1 of 100
[62/1000] | Epoch Time: 0m 2s - Train Loss: 0.5706 - Val. Loss: 0.5988
EarlyStopping counter: 2 of 100
[63/1000] | Epoch Time: 0m 2s - Train Loss: 0.5681 - Val. Loss: 0.5969
Checkpoint saved at epoch 63
[64/1000] | Epoch Time: 0m 2s - Train Loss: 0.5717 - Val. Loss: 0.5980
EarlyStopping counter: 1 of 100
[65/1000] | Epoch Time: 0m 2s - Train Loss: 0.5676 - Val. Loss: 0.5991
EarlyStopping counter: 2 of 100
[66/1000] | Epoch Time: 0m 2s - Train Loss: 0.5666 - Val. Loss: 0.5964
Checkpoint saved at epoch 66
[67/1000] | Epoch Time: 0m 2s - Train Loss: 0.5693 - Val. Loss: 0.5986
EarlyStopping counter: 1 of 100
[68/1000] | Epoch Time: 0m 2s - Train Loss: 0.5685 - Val. Loss: 0.5965
EarlyStopping counter: 2 of 100
[69/1000] | Epoch Time: 0m 2s - Train Loss: 0.5655 - Val. Loss: 0.5994
EarlyStopping counter: 3 of 100
[70/1000] | Epoch Time: 0m 2s - Train Loss: 0.5640 - Val. Loss: 0.5961
Checkpoint saved at epoch 70
[71/1000] | Epoch Time: 0m 2s - Train Loss: 0.5666 - Val. Loss: 0.5953
Checkpoint saved at epoch 71
[72/1000] | Epoch Time: 0m 2s - Train Loss: 0.5598 - Val. Loss: 0.5954
EarlyStopping counter: 1 of 100
[73/1000] | Epoch Time: 0m 2s - Train Loss: 0.5582 - Val. Loss: 0.5927
Checkpoint saved at epoch 73
[74/1000] | Epoch Time: 0m 2s - Train Loss: 0.5581 - Val. Loss: 0.5947
EarlyStopping counter: 1 of 100
[75/1000] | Epoch Time: 0m 2s - Train Loss: 0.5589 - Val. Loss: 0.5919
Checkpoint saved at epoch 75
[76/1000] | Epoch Time: 0m 2s - Train Loss: 0.5583 - Val. Loss: 0.5960
EarlyStopping counter: 1 of 100
[77/1000] | Epoch Time: 0m 3s - Train Loss: 0.5610 - Val. Loss: 0.5931
EarlyStopping counter: 2 of 100
[78/1000] | Epoch Time: 0m 2s - Train Loss: 0.5567 - Val. Loss: 0.5903
Checkpoint saved at epoch 78
[79/1000] | Epoch Time: 0m 2s - Train Loss: 0.5533 - Val. Loss: 0.5942
EarlyStopping counter: 1 of 100
[80/1000] | Epoch Time: 0m 2s - Train Loss: 0.5559 - Val. Loss: 0.5955
EarlyStopping counter: 2 of 100
[81/1000] | Epoch Time: 0m 2s - Train Loss: 0.5532 - Val. Loss: 0.5947
EarlyStopping counter: 3 of 100
[82/1000] | Epoch Time: 0m 2s - Train Loss: 0.5544 - Val. Loss: 0.5968
EarlyStopping counter: 4 of 100
[83/1000] | Epoch Time: 0m 2s - Train Loss: 0.5525 - Val. Loss: 0.5986
EarlyStopping counter: 5 of 100
[84/1000] | Epoch Time: 0m 2s - Train Loss: 0.5546 - Val. Loss: 0.5986
EarlyStopping counter: 6 of 100
[85/1000] | Epoch Time: 0m 2s - Train Loss: 0.5499 - Val. Loss: 0.5874
Checkpoint saved at epoch 85
[86/1000] | Epoch Time: 0m 2s - Train Loss: 0.5458 - Val. Loss: 0.5880
EarlyStopping counter: 1 of 100
[87/1000] | Epoch Time: 0m 2s - Train Loss: 0.5493 - Val. Loss: 0.5878
EarlyStopping counter: 2 of 100
[88/1000] | Epoch Time: 0m 2s - Train Loss: 0.5506 - Val. Loss: 0.5875
EarlyStopping counter: 3 of 100
[89/1000] | Epoch Time: 0m 2s - Train Loss: 0.5516 - Val. Loss: 0.5872
Checkpoint saved at epoch 89
[90/1000] | Epoch Time: 0m 2s - Train Loss: 0.5494 - Val. Loss: 0.5869
Checkpoint saved at epoch 90
[91/1000] | Epoch Time: 0m 2s - Train Loss: 0.5523 - Val. Loss: 0.5870
EarlyStopping counter: 1 of 100
[92/1000] | Epoch Time: 0m 2s - Train Loss: 0.5509 - Val. Loss: 0.5870
EarlyStopping counter: 2 of 100
[93/1000] | Epoch Time: 0m 2s - Train Loss: 0.5439 - Val. Loss: 0.5874
EarlyStopping counter: 3 of 100
[94/1000] | Epoch Time: 0m 2s - Train Loss: 0.5489 - Val. Loss: 0.5865
Checkpoint saved at epoch 94
[95/1000] | Epoch Time: 0m 2s - Train Loss: 0.5488 - Val. Loss: 0.5871
EarlyStopping counter: 1 of 100
[96/1000] | Epoch Time: 0m 2s - Train Loss: 0.5488 - Val. Loss: 0.5871
EarlyStopping counter: 2 of 100
[97/1000] | Epoch Time: 0m 2s - Train Loss: 0.5482 - Val. Loss: 0.5870
EarlyStopping counter: 3 of 100
[98/1000] | Epoch Time: 0m 2s - Train Loss: 0.5485 - Val. Loss: 0.5877
EarlyStopping counter: 4 of 100
[99/1000] | Epoch Time: 0m 2s - Train Loss: 0.5483 - Val. Loss: 0.5868
EarlyStopping counter: 5 of 100
[100/1000] | Epoch Time: 0m 2s - Train Loss: 0.5465 - Val. Loss: 0.5865
Checkpoint saved at epoch 100
[101/1000] | Epoch Time: 0m 2s - Train Loss: 0.5501 - Val. Loss: 0.5864
Checkpoint saved at epoch 101
[102/1000] | Epoch Time: 0m 2s - Train Loss: 0.5506 - Val. Loss: 0.5868
EarlyStopping counter: 1 of 100
[103/1000] | Epoch Time: 0m 2s - Train Loss: 0.5489 - Val. Loss: 0.5874
EarlyStopping counter: 2 of 100
[104/1000] | Epoch Time: 0m 2s - Train Loss: 0.5479 - Val. Loss: 0.5867
EarlyStopping counter: 3 of 100
[105/1000] | Epoch Time: 0m 2s - Train Loss: 0.5519 - Val. Loss: 0.5866
EarlyStopping counter: 4 of 100
[106/1000] | Epoch Time: 0m 2s - Train Loss: 0.5478 - Val. Loss: 0.5865
EarlyStopping counter: 5 of 100
[107/1000] | Epoch Time: 0m 2s - Train Loss: 0.5435 - Val. Loss: 0.5865
EarlyStopping counter: 6 of 100
[108/1000] | Epoch Time: 0m 2s - Train Loss: 0.5506 - Val. Loss: 0.5864
Checkpoint saved at epoch 108
[109/1000] | Epoch Time: 0m 2s - Train Loss: 0.5456 - Val. Loss: 0.5866
EarlyStopping counter: 1 of 100
[110/1000] | Epoch Time: 0m 2s - Train Loss: 0.5467 - Val. Loss: 0.5866
EarlyStopping counter: 2 of 100
[111/1000] | Epoch Time: 0m 2s - Train Loss: 0.5505 - Val. Loss: 0.5867
EarlyStopping counter: 3 of 100
[112/1000] | Epoch Time: 0m 2s - Train Loss: 0.5485 - Val. Loss: 0.5868
EarlyStopping counter: 4 of 100
[113/1000] | Epoch Time: 0m 2s - Train Loss: 0.5460 - Val. Loss: 0.5870
EarlyStopping counter: 5 of 100
[114/1000] | Epoch Time: 0m 2s - Train Loss: 0.5480 - Val. Loss: 0.5867
EarlyStopping counter: 6 of 100
[115/1000] | Epoch Time: 0m 2s - Train Loss: 0.5473 - Val. Loss: 0.5871
EarlyStopping counter: 7 of 100
[116/1000] | Epoch Time: 0m 2s - Train Loss: 0.5471 - Val. Loss: 0.5870
EarlyStopping counter: 8 of 100
[117/1000] | Epoch Time: 0m 2s - Train Loss: 0.5448 - Val. Loss: 0.5868
EarlyStopping counter: 9 of 100
[118/1000] | Epoch Time: 0m 2s - Train Loss: 0.5479 - Val. Loss: 0.5871
EarlyStopping counter: 10 of 100
[119/1000] | Epoch Time: 0m 2s - Train Loss: 0.5458 - Val. Loss: 0.5868
EarlyStopping counter: 11 of 100
[120/1000] | Epoch Time: 0m 2s - Train Loss: 0.5505 - Val. Loss: 0.5865
EarlyStopping counter: 12 of 100
[121/1000] | Epoch Time: 0m 2s - Train Loss: 0.5485 - Val. Loss: 0.5865
EarlyStopping counter: 13 of 100
[122/1000] | Epoch Time: 0m 3s - Train Loss: 0.5482 - Val. Loss: 0.5868
EarlyStopping counter: 14 of 100
[123/1000] | Epoch Time: 0m 2s - Train Loss: 0.5466 - Val. Loss: 0.5868
EarlyStopping counter: 15 of 100
[124/1000] | Epoch Time: 0m 2s - Train Loss: 0.5500 - Val. Loss: 0.5872
EarlyStopping counter: 16 of 100
[125/1000] | Epoch Time: 0m 2s - Train Loss: 0.5445 - Val. Loss: 0.5869
EarlyStopping counter: 17 of 100
[126/1000] | Epoch Time: 0m 2s - Train Loss: 0.5466 - Val. Loss: 0.5868
EarlyStopping counter: 18 of 100
[127/1000] | Epoch Time: 0m 2s - Train Loss: 0.5469 - Val. Loss: 0.5866
EarlyStopping counter: 19 of 100
[128/1000] | Epoch Time: 0m 2s - Train Loss: 0.5479 - Val. Loss: 0.5871
EarlyStopping counter: 20 of 100
[129/1000] | Epoch Time: 0m 2s - Train Loss: 0.5472 - Val. Loss: 0.5869
EarlyStopping counter: 21 of 100
[130/1000] | Epoch Time: 0m 2s - Train Loss: 0.5493 - Val. Loss: 0.5866
EarlyStopping counter: 22 of 100
[131/1000] | Epoch Time: 0m 2s - Train Loss: 0.5493 - Val. Loss: 0.5866
EarlyStopping counter: 23 of 100
[132/1000] | Epoch Time: 0m 2s - Train Loss: 0.5470 - Val. Loss: 0.5872
EarlyStopping counter: 24 of 100
[133/1000] | Epoch Time: 0m 2s - Train Loss: 0.5441 - Val. Loss: 0.5870
EarlyStopping counter: 25 of 100
[134/1000] | Epoch Time: 0m 2s - Train Loss: 0.5505 - Val. Loss: 0.5863
Checkpoint saved at epoch 134
[135/1000] | Epoch Time: 0m 2s - Train Loss: 0.5464 - Val. Loss: 0.5864
EarlyStopping counter: 1 of 100
[136/1000] | Epoch Time: 0m 2s - Train Loss: 0.5500 - Val. Loss: 0.5865
EarlyStopping counter: 2 of 100
[137/1000] | Epoch Time: 0m 2s - Train Loss: 0.5488 - Val. Loss: 0.5862
Checkpoint saved at epoch 137
[138/1000] | Epoch Time: 0m 2s - Train Loss: 0.5470 - Val. Loss: 0.5869
EarlyStopping counter: 1 of 100
[139/1000] | Epoch Time: 0m 2s - Train Loss: 0.5472 - Val. Loss: 0.5866
EarlyStopping counter: 2 of 100
[140/1000] | Epoch Time: 0m 2s - Train Loss: 0.5461 - Val. Loss: 0.5868
EarlyStopping counter: 3 of 100
[141/1000] | Epoch Time: 0m 2s - Train Loss: 0.5459 - Val. Loss: 0.5869
EarlyStopping counter: 4 of 100
[142/1000] | Epoch Time: 0m 2s - Train Loss: 0.5482 - Val. Loss: 0.5867
EarlyStopping counter: 5 of 100
[143/1000] | Epoch Time: 0m 2s - Train Loss: 0.5459 - Val. Loss: 0.5870
EarlyStopping counter: 6 of 100
[144/1000] | Epoch Time: 0m 2s - Train Loss: 0.5458 - Val. Loss: 0.5870
EarlyStopping counter: 7 of 100
[145/1000] | Epoch Time: 0m 2s - Train Loss: 0.5464 - Val. Loss: 0.5867
EarlyStopping counter: 8 of 100
[146/1000] | Epoch Time: 0m 2s - Train Loss: 0.5475 - Val. Loss: 0.5871
EarlyStopping counter: 9 of 100
[147/1000] | Epoch Time: 0m 2s - Train Loss: 0.5472 - Val. Loss: 0.5863
EarlyStopping counter: 10 of 100
[148/1000] | Epoch Time: 0m 2s - Train Loss: 0.5445 - Val. Loss: 0.5870
EarlyStopping counter: 11 of 100
[149/1000] | Epoch Time: 0m 2s - Train Loss: 0.5500 - Val. Loss: 0.5870
EarlyStopping counter: 12 of 100
[150/1000] | Epoch Time: 0m 2s - Train Loss: 0.5499 - Val. Loss: 0.5872
EarlyStopping counter: 13 of 100
[151/1000] | Epoch Time: 0m 2s - Train Loss: 0.5481 - Val. Loss: 0.5869
EarlyStopping counter: 14 of 100
[152/1000] | Epoch Time: 0m 2s - Train Loss: 0.5525 - Val. Loss: 0.5867
EarlyStopping counter: 15 of 100
[153/1000] | Epoch Time: 0m 2s - Train Loss: 0.5463 - Val. Loss: 0.5868
EarlyStopping counter: 16 of 100
[154/1000] | Epoch Time: 0m 2s - Train Loss: 0.5489 - Val. Loss: 0.5866
EarlyStopping counter: 17 of 100
[155/1000] | Epoch Time: 0m 2s - Train Loss: 0.5481 - Val. Loss: 0.5868
EarlyStopping counter: 18 of 100
[156/1000] | Epoch Time: 0m 2s - Train Loss: 0.5477 - Val. Loss: 0.5868
EarlyStopping counter: 19 of 100
[157/1000] | Epoch Time: 0m 2s - Train Loss: 0.5459 - Val. Loss: 0.5865
EarlyStopping counter: 20 of 100
[158/1000] | Epoch Time: 0m 2s - Train Loss: 0.5457 - Val. Loss: 0.5862
EarlyStopping counter: 21 of 100
[159/1000] | Epoch Time: 0m 2s - Train Loss: 0.5477 - Val. Loss: 0.5867
EarlyStopping counter: 22 of 100
[160/1000] | Epoch Time: 0m 2s - Train Loss: 0.5472 - Val. Loss: 0.5871
EarlyStopping counter: 23 of 100
[161/1000] | Epoch Time: 0m 2s - Train Loss: 0.5457 - Val. Loss: 0.5869
EarlyStopping counter: 24 of 100
[162/1000] | Epoch Time: 0m 2s - Train Loss: 0.5449 - Val. Loss: 0.5867
EarlyStopping counter: 25 of 100
[163/1000] | Epoch Time: 0m 2s - Train Loss: 0.5483 - Val. Loss: 0.5867
EarlyStopping counter: 26 of 100
[164/1000] | Epoch Time: 0m 2s - Train Loss: 0.5489 - Val. Loss: 0.5864
EarlyStopping counter: 27 of 100
[165/1000] | Epoch Time: 0m 2s - Train Loss: 0.5513 - Val. Loss: 0.5865
EarlyStopping counter: 28 of 100
[166/1000] | Epoch Time: 0m 2s - Train Loss: 0.5468 - Val. Loss: 0.5865
EarlyStopping counter: 29 of 100
[167/1000] | Epoch Time: 0m 2s - Train Loss: 0.5494 - Val. Loss: 0.5862
EarlyStopping counter: 30 of 100
[168/1000] | Epoch Time: 0m 2s - Train Loss: 0.5444 - Val. Loss: 0.5870
EarlyStopping counter: 31 of 100
[169/1000] | Epoch Time: 0m 2s - Train Loss: 0.5461 - Val. Loss: 0.5870
EarlyStopping counter: 32 of 100
[170/1000] | Epoch Time: 0m 2s - Train Loss: 0.5496 - Val. Loss: 0.5870
EarlyStopping counter: 33 of 100
[171/1000] | Epoch Time: 0m 2s - Train Loss: 0.5497 - Val. Loss: 0.5867
EarlyStopping counter: 34 of 100
[172/1000] | Epoch Time: 0m 2s - Train Loss: 0.5457 - Val. Loss: 0.5867
EarlyStopping counter: 35 of 100
[173/1000] | Epoch Time: 0m 2s - Train Loss: 0.5468 - Val. Loss: 0.5870
EarlyStopping counter: 36 of 100
[174/1000] | Epoch Time: 0m 2s - Train Loss: 0.5464 - Val. Loss: 0.5867
EarlyStopping counter: 37 of 100
[175/1000] | Epoch Time: 0m 2s - Train Loss: 0.5440 - Val. Loss: 0.5865
EarlyStopping counter: 38 of 100
[176/1000] | Epoch Time: 0m 2s - Train Loss: 0.5467 - Val. Loss: 0.5867
EarlyStopping counter: 39 of 100
[177/1000] | Epoch Time: 0m 2s - Train Loss: 0.5472 - Val. Loss: 0.5864
EarlyStopping counter: 40 of 100
[178/1000] | Epoch Time: 0m 2s - Train Loss: 0.5505 - Val. Loss: 0.5864
EarlyStopping counter: 41 of 100
[179/1000] | Epoch Time: 0m 2s - Train Loss: 0.5486 - Val. Loss: 0.5870
EarlyStopping counter: 42 of 100
[180/1000] | Epoch Time: 0m 2s - Train Loss: 0.5494 - Val. Loss: 0.5866
EarlyStopping counter: 43 of 100
[181/1000] | Epoch Time: 0m 2s - Train Loss: 0.5517 - Val. Loss: 0.5868
EarlyStopping counter: 44 of 100
[182/1000] | Epoch Time: 0m 2s - Train Loss: 0.5480 - Val. Loss: 0.5867
EarlyStopping counter: 45 of 100
[183/1000] | Epoch Time: 0m 2s - Train Loss: 0.5470 - Val. Loss: 0.5869
EarlyStopping counter: 46 of 100
[184/1000] | Epoch Time: 0m 2s - Train Loss: 0.5490 - Val. Loss: 0.5871
EarlyStopping counter: 47 of 100
[185/1000] | Epoch Time: 0m 2s - Train Loss: 0.5506 - Val. Loss: 0.5868
EarlyStopping counter: 48 of 100
[186/1000] | Epoch Time: 0m 2s - Train Loss: 0.5457 - Val. Loss: 0.5866
EarlyStopping counter: 49 of 100
[187/1000] | Epoch Time: 0m 2s - Train Loss: 0.5454 - Val. Loss: 0.5871
EarlyStopping counter: 50 of 100
[188/1000] | Epoch Time: 0m 2s - Train Loss: 0.5459 - Val. Loss: 0.5866
EarlyStopping counter: 51 of 100
[189/1000] | Epoch Time: 0m 2s - Train Loss: 0.5460 - Val. Loss: 0.5868
EarlyStopping counter: 52 of 100
[190/1000] | Epoch Time: 0m 2s - Train Loss: 0.5482 - Val. Loss: 0.5863
EarlyStopping counter: 53 of 100
[191/1000] | Epoch Time: 0m 2s - Train Loss: 0.5469 - Val. Loss: 0.5865
EarlyStopping counter: 54 of 100
[192/1000] | Epoch Time: 0m 2s - Train Loss: 0.5480 - Val. Loss: 0.5870
EarlyStopping counter: 55 of 100
[193/1000] | Epoch Time: 0m 2s - Train Loss: 0.5414 - Val. Loss: 0.5871
EarlyStopping counter: 56 of 100
[194/1000] | Epoch Time: 0m 2s - Train Loss: 0.5509 - Val. Loss: 0.5865
EarlyStopping counter: 57 of 100
[195/1000] | Epoch Time: 0m 2s - Train Loss: 0.5489 - Val. Loss: 0.5864
EarlyStopping counter: 58 of 100
[196/1000] | Epoch Time: 0m 2s - Train Loss: 0.5482 - Val. Loss: 0.5868
EarlyStopping counter: 59 of 100
[197/1000] | Epoch Time: 0m 2s - Train Loss: 0.5509 - Val. Loss: 0.5873
EarlyStopping counter: 60 of 100
[198/1000] | Epoch Time: 0m 2s - Train Loss: 0.5444 - Val. Loss: 0.5871
EarlyStopping counter: 61 of 100
[199/1000] | Epoch Time: 0m 2s - Train Loss: 0.5436 - Val. Loss: 0.5875
EarlyStopping counter: 62 of 100
[200/1000] | Epoch Time: 0m 2s - Train Loss: 0.5488 - Val. Loss: 0.5865
EarlyStopping counter: 63 of 100
[201/1000] | Epoch Time: 0m 2s - Train Loss: 0.5480 - Val. Loss: 0.5865
EarlyStopping counter: 64 of 100
[202/1000] | Epoch Time: 0m 2s - Train Loss: 0.5482 - Val. Loss: 0.5864
EarlyStopping counter: 65 of 100
[203/1000] | Epoch Time: 0m 2s - Train Loss: 0.5498 - Val. Loss: 0.5868
EarlyStopping counter: 66 of 100
[204/1000] | Epoch Time: 0m 2s - Train Loss: 0.5478 - Val. Loss: 0.5872
EarlyStopping counter: 67 of 100
[205/1000] | Epoch Time: 0m 2s - Train Loss: 0.5459 - Val. Loss: 0.5871
EarlyStopping counter: 68 of 100
[206/1000] | Epoch Time: 0m 2s - Train Loss: 0.5493 - Val. Loss: 0.5871
EarlyStopping counter: 69 of 100
[207/1000] | Epoch Time: 0m 2s - Train Loss: 0.5477 - Val. Loss: 0.5864
EarlyStopping counter: 70 of 100
[208/1000] | Epoch Time: 0m 2s - Train Loss: 0.5458 - Val. Loss: 0.5869
EarlyStopping counter: 71 of 100
[209/1000] | Epoch Time: 0m 2s - Train Loss: 0.5476 - Val. Loss: 0.5867
EarlyStopping counter: 72 of 100
[210/1000] | Epoch Time: 0m 2s - Train Loss: 0.5453 - Val. Loss: 0.5868
EarlyStopping counter: 73 of 100
[211/1000] | Epoch Time: 0m 2s - Train Loss: 0.5477 - Val. Loss: 0.5868
EarlyStopping counter: 74 of 100
[212/1000] | Epoch Time: 0m 2s - Train Loss: 0.5509 - Val. Loss: 0.5872
EarlyStopping counter: 75 of 100
[213/1000] | Epoch Time: 0m 2s - Train Loss: 0.5485 - Val. Loss: 0.5873
EarlyStopping counter: 76 of 100
[214/1000] | Epoch Time: 0m 2s - Train Loss: 0.5469 - Val. Loss: 0.5869
EarlyStopping counter: 77 of 100
[215/1000] | Epoch Time: 0m 2s - Train Loss: 0.5502 - Val. Loss: 0.5866
EarlyStopping counter: 78 of 100
[216/1000] | Epoch Time: 0m 2s - Train Loss: 0.5429 - Val. Loss: 0.5866
EarlyStopping counter: 79 of 100
[217/1000] | Epoch Time: 0m 2s - Train Loss: 0.5487 - Val. Loss: 0.5865
EarlyStopping counter: 80 of 100
[218/1000] | Epoch Time: 0m 2s - Train Loss: 0.5478 - Val. Loss: 0.5867
EarlyStopping counter: 81 of 100
[219/1000] | Epoch Time: 0m 2s - Train Loss: 0.5461 - Val. Loss: 0.5871
EarlyStopping counter: 82 of 100
[220/1000] | Epoch Time: 0m 2s - Train Loss: 0.5469 - Val. Loss: 0.5874
EarlyStopping counter: 83 of 100
[221/1000] | Epoch Time: 0m 2s - Train Loss: 0.5469 - Val. Loss: 0.5865
EarlyStopping counter: 84 of 100
[222/1000] | Epoch Time: 0m 2s - Train Loss: 0.5466 - Val. Loss: 0.5869
EarlyStopping counter: 85 of 100
[223/1000] | Epoch Time: 0m 2s - Train Loss: 0.5481 - Val. Loss: 0.5868
EarlyStopping counter: 86 of 100
[224/1000] | Epoch Time: 0m 2s - Train Loss: 0.5469 - Val. Loss: 0.5863
EarlyStopping counter: 87 of 100
[225/1000] | Epoch Time: 0m 2s - Train Loss: 0.5452 - Val. Loss: 0.5870
EarlyStopping counter: 88 of 100
[226/1000] | Epoch Time: 0m 2s - Train Loss: 0.5486 - Val. Loss: 0.5864
EarlyStopping counter: 89 of 100
[227/1000] | Epoch Time: 0m 2s - Train Loss: 0.5468 - Val. Loss: 0.5865
EarlyStopping counter: 90 of 100
[228/1000] | Epoch Time: 0m 2s - Train Loss: 0.5480 - Val. Loss: 0.5865
EarlyStopping counter: 91 of 100
[229/1000] | Epoch Time: 0m 2s - Train Loss: 0.5475 - Val. Loss: 0.5868
EarlyStopping counter: 92 of 100
[230/1000] | Epoch Time: 0m 2s - Train Loss: 0.5473 - Val. Loss: 0.5868
EarlyStopping counter: 93 of 100
[231/1000] | Epoch Time: 0m 2s - Train Loss: 0.5497 - Val. Loss: 0.5867
EarlyStopping counter: 94 of 100
[232/1000] | Epoch Time: 0m 2s - Train Loss: 0.5516 - Val. Loss: 0.5866
EarlyStopping counter: 95 of 100
[233/1000] | Epoch Time: 0m 2s - Train Loss: 0.5456 - Val. Loss: 0.5865
EarlyStopping counter: 96 of 100
[234/1000] | Epoch Time: 0m 2s - Train Loss: 0.5457 - Val. Loss: 0.5868
EarlyStopping counter: 97 of 100
[235/1000] | Epoch Time: 0m 2s - Train Loss: 0.5452 - Val. Loss: 0.5871
EarlyStopping counter: 98 of 100
[236/1000] | Epoch Time: 0m 2s - Train Loss: 0.5475 - Val. Loss: 0.5866
EarlyStopping counter: 99 of 100
[237/1000] | Epoch Time: 0m 2s - Train Loss: 0.5478 - Val. Loss: 0.5871
EarlyStopping counter: 100 of 100
Early stopping triggered
Early stopping triggered. Training will stop.
